[    0.000000] Initializing cgroup subsys cpuset
[    0.000000] Initializing cgroup subsys cpu
[    0.000000] Initializing cgroup subsys cpuacct
[    0.000000] Linux version 4.4.0-119-generic (buildd@lcy01-amd64-013) (gcc version 5.4.0 20160609 (Ubuntu 5.4.0-6ubuntu1~16.04.9) ) #143-Ubuntu SMP Mon Apr 2 16:08:24 UTC 2018 (Ubuntu 4.4.0-119.143-generic 4.4.114)
[    0.000000] Command line: BOOT_IMAGE=/boot/vmlinuz-4.4.0-119-generic root=LABEL=cloudimg-rootfs ro console=tty1 console=ttyS0
[    0.000000] KERNEL supported cpus:
[    0.000000]   Intel GenuineIntel
[    0.000000]   AMD AuthenticAMD
[    0.000000]   Centaur CentaurHauls
[    0.000000] x86/fpu: xstate_ffet2]:  576, xstate_sizes[2]:  256
[    0.000000] x86/fpu: Supporting XSAVE feature 0x01: 'x87 floating point registers'
[    0.000000] x86/fpu: Supporting XSAVE feature 0x02: 'SSE registers'
[    0.000000] x86/fpu: Supporting XSAVE feature 0x04: 'AVX registers'
[    0.000000] x86/fpu: Enabled xstate features 0x7, context size is 832 bytes, using 'standard' format.
[    0.000000] x86/fpu: Using 'lazy' FPU context switches.
[    0.000000] e820: BIOS-provided physical RAM map:
[    0.000000] BIOS-e820: [mem 0x0000000000000000-0x000000000009fbff] usable
[    0.000000] BIOS-e820: [mem 0x000000000009fc00-0x000000000009ffff] reserved
[    0.000000] BIOS-e820: [mem 0x00000000000f0000-0x00000000000fffff] reserved
[    0.000000] BIOS-e820: [mem 0x0000000000100000-0x000000001ffeffff] usable
[    0.000000] BIOS-e820: [mem 0x000000001fff0000-0x000000001fffffff] ACPI data
[    0.000000] BIOS-e820: [mem 0x00000000fec00000-0x00000000fec00fff] reserved
[    0.000000] BIOS-e820: [mem 0x00000000fee00000-0x00000000fee00fff] reserved
[    0.000000] BIOS-e820: [mem 0x00000000fffc0000-0x00000000ffffffff] reserved
[    0.000000] NX (Execute Disable) protection: active
[    0.000000] SMBIOS 2.5 present.
[    0.000000] Hypervisor detected: KVM
[    0.000000] e820: last_pfn = 0x1fff0 max_arch_pfn = 0x400000000
[    0.000000] MTRR: isabled
[    0.000000] x86/PAT: MTRRs disabled, skipping PAT initialization too.
[    0.000000] CPU MTRRs all blank - virtualized system.
[    0.000000] x86/PAT: Configuration [0-7]: WB  WT  UC- UC  WB  WT  UC- UC  
[    0.000000] found SMP MP-table at [mem0x009ff0x0009ffff]maped at [ffff88000009ff0
[    0.00000] Scanning 1 areas for lw memory corruptio
    000000] RMDSK: [mm x1eced000-x1772fff]
[   0.0000] ACPI: Early tabl cecksum verification disabled
[    0.000000 ACPI: SD 0x00000000000E0000 00002 (02 VBOX  )
[    0.000000] ACPI: XSDT 0x000000001FFF003 0003C (v01 VBOX   VBOXXSDT 00000001 ASL  00000061)
[    0.000000] ACPI: FACP 0x000000001FFF00F0 0000F4 (v04 VBOX   VBOXFACP 00000001 ASL  00000061)
[    0.000000] ACPI: DSDT 0x000000001FFF0470 0021FF (v02 VBOX   VBOBIOS 000002 INTL 010831)
   0.000000] API FAC 000000001FFF0200 000040
[    0.000000] ACPI: FACS 0x000000001FFF0200 000040
   0.0000] ACPI:APC 0x00000000FF0240005C (v02 VBOX   VBOXAPIC 00000001 ASL  00000061)
   0.000] CP SSD 00000001FFF02A0 0001CC (v01 VBOX   VBOXCPUT 00000002 INTL 20160831)
[    0.000000] No NUMA configuration found
[    0.00000] aking a node at [mem 0x000000000000000-0x0000001effff]
   0.000000]NODE_ATA(0) allocated [mem 0x1feb000-0x1ffeffff]
[    0.000000] kvm-clock: Using msrs4b6401 and b54d0[    0.00000] kvm-clock: cpu 0, msr 0:1ffe3001, prima cpu clock
   0.0000] kvm-coc: usngscedoffset of 324871537cycle
   0.000000] clocksource: kvm-clock: mask: 0xffffffffffffff ma_ccles 01cd42e4dffb, max_idl_n: 881590591483 ns
[    0.000000] Zone ranges:
[    0.000000]   DMA      [mem 0x0000000000001000-0x0000000000ffffff]
[    0.000000]   DMA32   [mem x000000010000-0x0000001ffeffff][    0.0000]   Normal   empty
[    0.000000]   Device   empty
[    0.000000] Movable zone start for each node
[    0.000000] Early memory node ranges
[    0.000000]   node   0: [mem 0x0000000000001000-0x000000000009efff]
[    0.000000]   node   0: [mem 0x000000000100000-0x000000001ffeffff]
[    0.000000] Initmem setup node 0 [em0x00000000001000-0x000000001ffefff
[   00000] ACP: M-TierIOPort: 0x4008
[    0.000000] IOAPIC[0]: apic_id 2,version 32, adress 0xfec00000,GS 0-23
[    .00000] ACPI: INT_SRC_OVR (bus 0 busir 0 global_irq 2 dfl dfl)
[    0.000000] ACPI: INT_SRC_OVR bu 0 b_irq 9glbal_irq 9 low level)
[    0.000000] Using ACPI (MADT) for SMP configuration information
[    0.000000] smpboot: Allowing 2 CPUs, 0 hotplugCPs
[   000000] PM: Registered nosave emry: [mem 0x00000000-0x00000fff]
[    0.000000] PM: Registered nosavemeory: [mem0x009f000-0009ffff][    0.00000 PM: Regstred noav memor: mem 0x00a000-0x000efff
[    0.0000] PM:Restere nsaveemory: [mem x00f00000x00ffff
[    0.000000] e820: [mem 0x000000-0xfebfff] availbl for PCI devies
[    0.0000] Boti parvitualze kerelonKVM
[    0.0000] cloksurce: refiedjiffies: mask: 0xffffff max_cycle: xfffffff mx_le_n: 6455960211568 ns
    0.00000] setup_percpu: NR_CS:512 nr_cpuas_bits:512 nr_puids:2nrnodeid:1
[   000000 PRCPU: Embedded 34 pages/cpu @ffff88001fc00000 s9954 r8192 d3158 u148576
[   0.0000]  qsplok hashableenries 26 (order: 0, 4096 bytes)
[    0.000000] Built 1 zonelists in Node der, mobility grouping on.  Total pages: 128888
[    0.000000] Polcy zoe: DMA32
[    0.000000] Kernel command line: BOOT_IMAGE/bot/vmlinu-44.0-119enericrot=AB=cloudig-ootfs ro console=tty1 console=ttyS0
[    0.000000] PID hash table entries: 2048 (order: 2, 16384 bytes)
[    0.000000] Memory: 485668K/523832K available (8532K kernel code, 1313K rwdata, 3996K rodata, 1508K init, 1316K bss, 38164K reserved, 0 cmaesrved)
[    0.000000] SLB: HWalign=6, rder0-, Minbjcts=0, CPUs=2, Nde=1
[    0.000000] Kernel/User page tables isolation: enabled
[    0.000000] Hierarchical RCU implementation.
[    0.000000] 	Build-time adjustment of leaf fnot to 4.
[    000000] CU restrictingCPs from N_CUS=512 t n_cpu_ids=2.
[    0.000000] RCU: Adjusting geometry for rcu_fanout_leaf=64, nr_cpu_ids=2
[    0.000000] NR_IRQS:33024 nr_irqs:440 1
    0.00000 Conol: color GA+ 8x2
[   0000000] cosoe [tty1] enabled
[    0.000000] console [tty0]enabled
[  0.000000] tsc: Detected 2593.994 MHz processor
[   11.873476] Calibrating delay loop (skipped) preset value.. 5187.98 BogoMIPS (lpj=10375976)
[   11.902790] pid_max: default: 32768 minimum: 301
[   11.936926] ACPI: Core revision 20150930
[   11.963470] ACPI: 2 ACPI AML tables successfully acquired and loaded
[   12.014960] Security Framework initialized
[   12.017679] Yama: becoming mindful.
[   12.056921] AppArmor: AppArmor initialized
[   12.118021] Dentry cache hash table entries: 65536 (order: 7, 524288 bytes)
[   12.206606] Inode-cache hash table entries: 32768 (order: 6, 262144 bytes)
[   12.225504] Mount-cache hash table entries: 1024 (order: 1, 8192 bytes)
[   12.250042] Mountpoint-cache hash table entries: 1024 (order: 1, 8192 bytes)
[   12.329949] Initializing cgroup subsys io
[   12.357744] Initializing cgroup subsys memory
[   12.412968] Initializing cgroup subsys devices
[   12.481700] Initializing cgroup subsys freezer
[   12.525133] Initializing cgroup subsys net_cls
[   12.552486] Initializing cgroup subsys perf_event
[   12.621258] Initializing cgroup subsys net_prio
[   12.628780] Initializing cgroup subsys hugetlb
[   12.656283] Initializing cgroup subsys pids
[   12.672627] CPU: Physical Processor ID: 0
[   12.708321] CPU: Processor Core ID: 0
[   12.760163] FEATURE SPEC_CTRL Not Present
[   12.801707] mce: CPU supports 0 MCE banks
[   12.849180] Last level iTLB entries: 4KB 1024, 2MB 1024, 4MB 1024
[   12.861688] Last level dTLB entries: 4KB 1024, 2MB 1024, 4MB 1024, 1GB 4
[   12.917316] Spectre V2 mitigation: Mitigation: Full generic retpoline
[   12.964518] Spectre V2 mitigation: Speculation control IBPB not-supported IBRS not-supported
[   13.023430] Freeing SMP alternatives memory: 32K
[   13.082725] ftrace: allocating 32195 entries in 126 pages
[   13.193990] smpboot: APIC(0) Converting physical 0 to logical package 0
[   13.308399] smpboot: Max logical packages: 1
[   13.360011] x2apic enabled
[   13.399537] Switched APIC routing to physical x2apic.
[   13.458726] ..TIMER: vector=0x30 apic1=0 pin1=2 apic2=-1 pin2=-1
[   13.633939] smpboot: CPU0: Intel(R) Core(TM) i7-4510U CPU @ 2.00GHz (family: 0x6, model: 0x45, stepping: 0x1)
[   13.706564] Performance Events: unsupported p6 CPU model 69 no PMU driver, software events only.
[   13.766795] KVM setup paravirtual spinlock
[   13.797060] x86: Booting SMP configuration:
[   13.839122] .... node  #0, CPUs:      #1
[   13.859492] kvm-clock: cpu 1, msr 0:1ffe3041, secondary cpu clock
[   13.880613] mce: CPU supports 0 MCE banks
[   13.951902] x86: Booted up 1 node, 2 CPUs
[   13.955135] smpboot: Total of 2 processors activated (10375.97 BogoMIPS)
[   13.992124] devtmpfs: initialized
[   14.015030] evm: security.selinux
[   14.022130] evm: security.SMACK64
[   14.032427] evm: security.SMACK64EXEC
[   14.044259] evm: security.SMACK64TRANSMUTE
[   14.062276] evm: security.SMACK64MMAP
[   14.088692] evm: security.ima
[   14.090774] evm: security.capability
[   14.092224] clocksource: jiffies: mask: 0xffffffff max_cycles: 0xffffffff, max_idle_ns: 7645041785100000 ns
[   14.175681] futex hash table entries: 512 (order: 3, 32768 bytes)
[   14.235201] pinctrl core: initialized pinctrl subsystem
[   14.276335] RTC time:  0:21:28, date: 04/19/18
[   14.337548] NET: Registered protocol family 16
[   14.413278] cpuidle: using governor ladder
[   14.455228] cpuidle: using governor menu
[   14.480411] PCCT header not found.
[   14.491061] ACPI: bus type PCI registered
[   14.514743] acpiphp: ACPI Hot Plug PCI Controller Driver version: 0.5
[   14.565677] PCI: Using configuration type 1 for base access
[   14.642147] ACPI: Added _OSI(Module Device)
[   14.659791] ACPI: Added _OSI(Processor Device)
[   14.674312] ACPI: Added _OSI(3.0 _SCP Extensions)
[   14.705533] ACPI: Added _OSI(Processor Aggregator Device)
[   14.727111] ACPI: Executed 1 blocks of module-level executable AML code
[   14.757667] ACPI: Interpreter enabled
[   14.794903] ACPI: (supports S0 S5)
[   14.831932] ACPI: Using IOAPIC for interrupt routing
[   14.873479] PCI: Using host bridge windows from ACPI; if necessary, use "pci=nocrs" and report a bug
[   14.922089] ACPI: PCI Root Bridge [PCI0] (domain 0000 [bus 00-ff])
[   14.947938] acpi PNP0A03:00: _OSC: OS supports [ASPM ClockPM Segments MSI]
[   14.956513] acpi PNP0A03:00: _OSC: not requesting OS control; OS requires [ExtendedConfig ASPM ClockPM MSI]
[   14.982133] acpi PNP0A03:00: fail to add MMCONFIG information, can't access extended PCI configuration space under this bridge.
[   15.097585] PCI host bridge to bus 0000:00
[   15.112014] pci_bus 0000:00: root bus resource [io  0x0000-0x0cf7 window]
[   15.174941] pci_bus 0000:00: root bus resource [io  0x0d00-0xffff window]
[   15.195022] pci_bus 0000:00: root bus resource [mem 0x000a0000-0x000bffff window]
[   15.255738] pci_bus 0000:00: root bus resource [mem 0x20000000-0xfdffffff window]
[   15.260222] pci_bus 0000:00: root bus resource [bus 00-ff]
[   15.291468] pci 0000:00:01.1: legacy IDE quirk: reg 0x10: [io  0x01f0-0x01f7]
[   15.325473] pci 0000:00:01.1: legacy IDE quirk: reg 0x14: [io  0x03f6]
[   15.347964] pci 0000:00:01.1: legacy IDE quirk: reg 0x18: [io  0x0170-0x0177]
[   15.363729] pci 0000:00:01.1: legacy IDE quirk: reg 0x1c: [io  0x0376]
[   15.473421] pci 0000:00:07.0: quirk: [io  0x4000-0x403f] claimed by PIIX4 ACPI
[   15.503686] pci 0000:00:07.0: quirk: [io  0x4100-0x410f] claimed by PIIX4 SMB
[   15.545634] ACPI: PCI Interrupt Link [LNKA] (IRQs 5 9 10 *11)
[   15.610791] ACPI: PCI Interrupt Link [LNKB] (IRQs 5 9 *10 11)
[   15.680668] ACPI: PCI Interrupt Link [LNKC] (IRQs 5 *9 10 11)
[   15.701154] ACPI: PCI Interrupt Link [LNKD] (IRQs 5 9 10 *11)
[   15.730680] ACPI: Enabled 2 GPEs in block 00 to 07
[   15.768647] vgaarb: setting as boot device: PCI:0000:00:02.0
[   15.793595] vgaarb: device added: PCI:0000:00:02.0,decodes=io+mem,owns=io+mem,locks=none
[   15.843085] vgaarb: loaded
[   15.864742] vgaarb: bridge control possible 0000:00:02.0
[   15.897786] SCSI subsystem initialized
[   15.920512] ACPI: bus type USB registered
[   15.928784] usbcore: registered new interface driver usbfs
[   15.993008] usbcore: registered new interface driver hub
[   16.020063] usbcore: registered new device driver usb
[   16.069027] PCI: Using ACPI for IRQ routing
[   16.110662] NetLabel: Initializing
[   16.169568] NetLabel:  domain hash size = 128
[   16.217556] NetLabel:  protocols = UNLABELED CIPSOv4
[   16.263109] NetLabel:  unlabeled traffic allowed by default
[   16.299493] amd_nb: Cannot enumerate AMD northbridges
[   16.343703] clocksource: Switched to clocksource kvm-clock
[   16.364209] AppArmor: AppAmo FleysemEnbld[   16.690057] pnp: PnP ACPI init
[ 16056]np PP CP: un3 vis
[   17.422738] clocksource: acpi_pm: mask: 0xffffff max_cycles: 0xffffff, max_idle_ns: 2085701024 ns
[   17.511266] NET: Registered protocol family 2
[   17.682818] TCP established hash table entries: 4096 (order: 3, 32768 bytes)
[   17.912439] TCP bind hash table entries: 4096 (order: 4, 65536 bytes)
[   18.014081] TCP: Hash tables configured (established 4096 bind 4096)
[   18.063238] UDP hash table entries: 256 (order: 1, 8192 bytes)
[   18.134224] UDP-Lite hash table entries: 256 (order: 1, 8192 bytes)
[   18.169545] NET: Registered protocol family 1
[   18.193421] pci 0000:00:00.0: Limiting direct PCI/PCI transfers
[   18.231790] pci 0000:00:01.0: Activating ISA DMA hang workarounds
[   18.263055] Unpacking initramfs...
[   21.121682] Freeing initrd memory: 10776K
[   21.178724] RAPL PMU detected, API unit is 2^-32 Joules, 4 fixed counters 10737418240 ms ovfl timer
[ 21826]w niofomin pp0-core 2^-0 Joules
[   21.787615] hw unit of domain package 2^-0 Joules
[   21.840839] hw unit of domain dram 2^-0 Joules
[   21.842438] hw unit of domain pp1-gpu 2^-0 Joules
[   21.876481] platform rtc_cmos: registered platform RTC device (no PNP device found)
[   21.902219] Scanning for low memory corruption every 60 seconds
[   21.968142] audit: initializing netlink subsys (disabled)
[   21.994486] audit: type=2000 audit(1524097285.483:1): initialized
[   22.032814] Initialise system trusted keyring
[   22.092606] HugeTLB registered 2 MB page size, pre-allocated 0 pages
[   22.115367] zbud: loaded
[   22.145978] VFS: Disk quotas dquot_6.6.0
[   22.173808] VFS: Dquot-cache hash table entries: 512 (order 0, 4096 bytes)
[   22.188562] squashfs: version 4.0 (2009/01/31) Phillip Lougher
[   22.207181 fe ni(A vrson7.3)

[   22.602432] Key type big_key registered
[   22.656753] Allocating IMA MOK and blacklist keyrings.
[   22.828095] Key type asymmetric registered
[   23.088760] Asymmetric key parser 'x509' registered
[   23.092714] tsc: Refined TSC clocksource calibration: 2590.184 MHz
[   23.092718] clocksource: tsc: mask: 0xffffffffffffffff max_cycles: 0x2556035f9d0, max_idle_ns: 440795228303 ns
[   23.690243] Block layer SCSI generic (bsg) driver version 0.4 loaded (major 249)
[   23.707951] io scheduler noop registered
[   23.743738] io scheduler deadline registered (default)
[   23.776301] io scheduler cfq registered
[   23.905651] pci_hotplug: PCI Hot Plug PCI Core version: 0.5
[   24.174942] pciehp: PCI Express Hot Plug Controller Driver version: 0.4
[   24.310104] ACPI: AC Adapter [AC] (on-line)
[   24.385556] input: Power Button as /devices/LNXSYSTM:00/LNXPWRBN:00/input/input0
[   24.825136] ACPI: Power Button [PWRF]
[   24.846282] input: Sleep Button as /devices/LNXSYSTM:00/LNXSLPBN:00/input/input1
[   25.005434] ACPI: Sleep Button [SLPF]
[   25.144341] GHES: HEST is not enabled!
[   25.145272] ACPI: Battery Slot [BAT0] (battery present)
[   25.658090] Serial: 8250/16550 driver, 32 ports, IRQ sharing enabled
ÿ[   25.687582] 00:02: ttyS0 at I/O 0x3f8 (irq = 4, base_baud = 115200) is a 16550A
[   25.927940] Linux agpgart interface v0.103
[   26.115311] loop: module loaded
[   26.225782] scsi host0: ata_piix
[   26.372840] scsi host1: ata_piix
[   26.478378] ata1: PATA max UDMA/33 cmd 0x1f0 ctl 0x3f6 bmdma 0xd000 irq 14
[   26.620962] ata2: PATA max UDMA/33 cmd 0x170 ctl 0x376 bmdma 0xd008 irq 15
[   26.765294] libphy: Fixed MDIO Bus: probed
[   26.872023] tun: Universal TUN/TAP device driver, 1.6
[   27.031905] tun: (C) 1999-2004 Max Krasnyansky <maxk@qualcomm.com>
[   27.140436] PPP generic driver version 2.4.2
[   27.282036] ehci_hcd: USB 2.0 'Enhanced' Host Controller (EHCI) Driver
[   27.335293] ehci-pci: EHCI PCI platform driver
[   27.342208] ehci-platform: EHCI generic platform driver
[   27.429074] ohci_hcd: USB 1.1 'Open' Host Controller (OHCI) Driver
[   27.542544] ohci-pci: OHCI PCI platform driver
[   27.609508] ohci-platform: OHCI generic platform driver
[   27.652745] uhci_hcd: USB Universal Host Controller Interface driver
[   27.752402] i8042: PNP: PS/2 Controller [PNP0303:PS2K,PNP0f03:PS2M] at 0x60,0x64 irq 1,12
[   27.853263] serio: i8042 KBD port at 0x60,0x64 irq 1
[   27.921009] serio: i8042 AUX port at 0x60,0x64 irq 12
[   27.982150] mousedev: PS/2 mouse device common for all mice
[   28.062055] input: AT Translated Set 2 keyboard as /devices/platform/i8042/serio0/input/input2
[   28.201245] rtc_cmos rtc_cmos: rtc core: registered rtc_cmos as rtc0
[   28.230072] rtc_cmos rtc_cmos: alarms up to one day, 114 bytes nvram
[   28.383859] i2c /dev entries drive
[   28.418797] device-mapper: uevent: version 1.0.3
[   28.472539] device-mapper: ioctl: 4.34.0-ioctl (2015-10-28) initialised: dm-devel@redhat.com
[   28.610132] ledtrig-cpu: registered to indicate activity on CPUs
[   28.676850] NET: Registered protocol family 10
[   28.758344] NET: Registered protocol family 17
[   28.801708] Key type dns_resolver registered
[   28.852204] registered taskstats version 1
[   28.853820] Loading compiled-in X.509 certificates
[   28.870602] Loaded X.509 cert 'Build time autogenerated kernel key: f854e06633b5f496ced5b2e02c7b14f761b69302'
[   29.075767] zswap: loaded using pool lzo/zbud
[   29.151148] Key type trusted registered
[   29.281698] Key type encrypted registered
[   29.325548] AppArmor: AppArmor sha1 policy hashing enabled
[   29.358580] ima: No TPM chip found, activating TPM-bypass!
[   29.539433] evm: HMAC attrs: 0x1
[   29.739697]   Magic number: 14:234:355
[   29.998449] input event1: hash matches
[   30.048763] rtc_cmos rtc_cmos: setting system clock to 2018-04-19 00:21:44 UTC (1524097304)
[   30.382599] BIOS EDD facility v0.16 2004-Jun-25, 0 devices found
[   30.389068] EDD information not available.
[   30.461167] Freeing unused kernel memory: 1508K
[   30.700857] Write protecting the kernel read-only data: 14336k
[   30.863786] Freeing unused kernel memory: 1696K
[   31.108160] Freeing unused kernel memory: 100K
Loading, please wait...
starting version[   31.394031] random: systemd-udevd: uninitialized urandom read (16 bytes read, 4 bits of entropy available)
 229
[   31.394866] random: udevadm: uninitialized urandom read (16 bytes read, 4 bits of entropy available)
[   31.394920] random: udevadm: uninitialized urandom read (16 bytes read, 4 bits of entropy available)
[   31.416200] random: udevadm: uninitialized urandom read (16 bytes read, 4 bits of entropy available)
[   31.416336] random: udevadm: uninitialized urandom read (16 bytes read, 4 bits of entropy available)
[   31.416845] random: udevadm: uninitialized urandom read (16 bytes read, 4 bits of entropy available)
[   31.417026] random: udevadm: uninitialized urandom read (16 bytes read, 4 bits of entropy available)
[   31.417201] random: udevadm: uninitialized urandom read (16 bytes read, 4 bits of entropy available)
[   31.417327] random: udevadm: uninitialized urandom read (16 bytes read, 4 bits of entropy available)
[   31.417438] random: udevadm: uninitialized urandom read (16 bytes read, 4 bits of entropy available)
[   32.813144] e1000: Intel(R) PRO/1000 Network Driver - version 7.3.21-k8-NAPI
[   33.072183] e1000: Copyright (c) 1999-2006 Intel Corporation.
[   33.279484] AVX2 version of gcm_enc/dec engaged.
[   33.291042] Fusion MPT base driver 3.04.20
[   33.291044] Copyright (c) 1999-2008 LSI Corporation
[   33.664124] AES CTR mode by8 optimization enabled
[   33.696639] input: ImExPS/2 Generic Explorer Mouse as /devices/platform/i8042/serio1/input/input4
[   33.740269] Fusion MPT SPI Host driver 3.04.20
[   34.071461] e1000 0000:00:03.0 eth0: (PCI:33MHz:32-bit) 02:62:8c:65:d6:7a
[   34.184335] e1000 0000:00:03.0 eth0: Intel(R) PRO/1000 Network Connection
[   34.228609] e1000 0000:00:03.0 enp0s3: renamed from eth0
[   34.309472] mptbase: ioc0: Initiating bringup
[   34.423126] ioc0: LSI53C1030 A0: Capabilities={Initiator}
[   35.485887] scsi host2: ioc0: LSI53C1030 A0, FwRev=00000000h, Ports=1, MaxQ=256, IRQ=20
[   36.012764] scsi 2:0:0:0: Direct-Access     VBOX     HARDDISK         1.0  PQ: 0 ANSI: 5
[   36.062792] scsi target2:0:0: Beginning Domain Validation
[   36.103937] scsi target2:0:0: Domain Validation skipping write tests
[   37.780114] scsi target2:0:0: Ending Domain Validation
[   37.794106] floppy0: no floppy controllers found
[   37.857987] scsi target2:0:0: asynchronous
[   38.022828] scsi 2:0:1:0: Direct-Access     VBOX     HARDDISK         1.0  PQ: 0 ANSI: 5
[   38.272869] scsi target2:0:1: Beginning Domain Validation
[   38.314786] scsi target2:0:1: Domain Validation skipping write tests
[   38.800300] scsi target2:0:1: Ending Domain Validation
[   39.019088] scsi target2:0:1: asynchronous
[   39.114252] sd 2:0:0:0: Attached scsi generic sg0 type 0
[   39.114779] sd 2:0:0:0: [sda] 20971520 512-byte logical blocks: (10.7 GB/10.0 GiB)
[   39.114988] sd 2:0:0:0: [sda] Write Protect is off
[   39.115123] sd 2:0:0:0: [sda] Incomplete mode parameter data
[   39.115125] sd 2:0:0:0: [sda] Assuming drive cache: write through
[   39.117177]  sda: sda1
[   39.118287] sd 2:0:0:0: [sda] Attached SCSI disk
[   39.555445] sd 2:0:1:0: [sdb] 20480 512-byte logical blocks: (10.5 MB/10.0 MiB)
[   39.641197] sd 2:0:1:0: Attached scsi generic sg1 type 0
[   39.685465] sd 2:0:1:0: [sdb] Write Protect is off
[   39.710125] sd 2:0:1:0: [sdb] Incomplete mode parameter data
[   39.712038] sd 2:0:1:0: [sdb] Assuming drive cache: write through
[   39.994248] sd 2:0:1:0: [sdb] Attached SCSI disk
Begin: Loading e[   42.138776] md: linear personality registered for level -1
ssential drivers[   42.531494] md: multipath personality registered for level -4
 ... [   42.540387] md: raid0 personality registered for level 0
[   42.606842] md: raid1 personality registered for level 1
[   42.695767] raid6: sse2x1   gen()  5731 MB/s
[   42.795756] raid6: sse2x1   xor()  3760 MB/s
[   42.915759] raid6: sse2x2   gen()  6429 MB/s
[   43.003737] raid6: sse2x2   xor()  4073 MB/s
[   43.127748] raid6: sse2x4   gen()  7028 MB/s
[   43.251756] raid6: sse2x4   xor()  5943 MB/s
[   43.363734] raid6: avx2x1   gen() 11309 MB/s
[   43.487723] raid6: avx2x2   gen() 12974 MB/s
[   43.591749] raid6: avx2x4   gen() 15013 MB/s
[   43.648645] raid6: using algorithm avx2x4 gen() 15013 MB/s
[   43.713652] raid6: using avx2x2 recovery algorithm
[   43.758165] xor: automatically using best checksumming function:
[   43.912295]    avx       : 23231.000 MB/sec
[   44.316724] async_tx: api initialized (async)
[   44.514297] md: raid6 personality registered for level 6
[   44.764914] md: raid5 personality registered for level 5
[   44.932739] md: raid4 personality registered for level 4
[   44.986477] md: raid10 personality registered for level 10
done.
Begin: Running /scripts/init-premount ... done.
Begin: Mounting root file system ... Begin: Running /scripts/[   45.097001] Btrfs loaded
local-top ... done.
Begin: Running /scripts/local-premount ... Scanning for Btrfs filesystems
done.
Warning: fsck no[   45.212327] EXT4-fs (sda1): mounted filesystem with ordered data mode. Opts: (null)
t present, so skipping root file system
done.
Begin: Running /scripts/local-bottom ... done.
Begin: Running /scripts/init-bottom ... done.
[   45.513090] systemd[1]: systemd 229 running in system mode. (+PAM +AUDIT +SELINUX +IMA +APPARMOR +SMACK +SYSVINIT +UTMP +LIBCRYPTSETUP +GCRYPT +GNUTLS +ACL +XZ -LZ4 +SECCOMP +BLKID +ELFUTILS +KMOD -IDN)
[   46.541226] systemd[1]: Detected virtualization oracle.
[   46.723675] systemd[1]: Detected architecture x86-64.

Welcome to [1mUbuntu 16.04.4 LTS[0m!

[   46.860837] systemd[1]: Set hostname to <ubuntu>.
[   47.012527] systemd[1]: Initializing machine ID from random generator.
[   47.066551] systemd[1]: Installed transient /etc/machine-id file.
[   47.433554] systemd[1]: Listening on Journal Socket (/dev/log).
[[0;32m  OK  [[   47.643691] random: nonblocking pool is initialized
0m] Listening on Journal Socket (/dev/log).
[   47.704107] systemd[1]: Listening on /dev/initctl Compatibility Named Pipe.
[[0;32m  OK  [0m] Listening on /dev/initctl Compatibility Named Pipe.
[   47.824066] systemd[1]: Listening on Device-mapper event daemon FIFOs.
[[0;32m  OK  [0m] Listening on Device-mapper event daemon FIFOs.
[   48.168283] systemd[1]: Listening on LVM2 poll daemon socket.
[[0;32m  OK  [0m] Listening on LVM2 poll daemon socket.
[   48.240307] systemd[1]: Listening on udev Control Socket.
[[0;32m  OK  [0m] Listening on udev Control Socket.
[   48.424171] systemd[1]: Listening on Journal Socket.
[[0;32m  OK  [0m] Listening on Journal Socket.
[   48.490607] systemd[1]: Started Trigger resolvconf update for networkd DNS.
[[0;32m  OK  [0m] Started Trigger resolvconf update for networkd DNS.
[   48.844148] systemd[1]: Started Forward Password Requests to Wall Directory Watch.
[[0;32m  OK  [0m] Started Forward Password Requests to Wall Directory Watch.
[   49.040923] systemd[1]: Created slice System Slice.
[[0;32m  OK  [0m] Created slice System Slice.
[   49.296000] systemd[1]: Mounting Debug File System...
         Mounting Debug File System...
[   49.435964] systemd[1]: Mounting Huge Pages File System...
         Mounting Huge Pages File System...
[   49.536042] systemd[1]: Starting Set console keymap...
         Starting Set console keymap...
[   49.652620] systemd[1]: Created slice system-serial\x2dgetty.slice.
[[0;32m  OK  [0m] Created slice system-serial\x2dgetty.slice.
[   49.712020] systemd[1]: Mounting POSIX Message Queue File System...
         Mounting POSIX Message Queue File System...
[   49.860547] systemd[1]: Starting Create list of required static device nodes for the current kernel...
         Starting Create list of required st... nodes for the current kernel...
[   49.952194] systemd[1]: Starting Uncomplicated firewall...
         Starting Uncomplicated firewall...
[   50.012163] systemd[1]: Reached target System Time Synchronized.
[[0;32m  OK  [0m] Reached target System Time Synchronized.
[   50.150170] systemd[1]: Starting Remount Root and Kernel File Systems...
         Starting Remount Root and Kernel File Systems...[   50.210157] EXT4-fs (sda1): re-mounted. Opts: (null)

[   50.249552] systemd[1]: Listening on Syslog Socket.
[[0;32m  OK  [0m] Listening on Syslog Socket.
[   50.264401] systemd[1]: Set up automount Arbitrary Executable File Formats File System Automount Point.
[[0;32m  OK  [0m] Set up automount Arbitrary Executab...ats File System Automount Point.
[ 50.357815] systemd[1]: Reached target Encrypted Volumes.
[[0;32m  OK  [0m] Reached target Encrypted Volumes.
[ 50.448236] systemd[1]: Listening on udv rnl ocket.
[[0;32m  OK  [0m] Listening on udev Kernel Socket.
[   0.52] ysem[1: reted slice User an Ssi Sce

[[0;32m  OK  [0m] Created slice User and Session Slice.
[   51.408037] systemd[1]: Reach tgeSlices.
[[0;32m  OK  [0m] Reached target Slices.
[   517013] std[1]: Lstin on LVM2 metadata daemon socket.
[[0;32m  OK  [0m] Listening on LVM2 metadata daemon socket.
[   52.172381] systemd[1]: Starting Monitoring of LVM2 mirrors, snapshots etc. using dmeventd or progress polling...
         Starting Monitoring of LVM2 mirrors... dmeventd or progress polling...
[   52.308052] systemd[1]: Reached target User and Group Name Lookups.
[[0;32m  OK  [0m] Reached target User and Group Name Lookups.
[   52.392160] systemd[1]: Starting Load Kernel Modules...
         Starting Load Ke[   52.413486] Loading iSCSI transport class v2.0-870.
rnel Modules...[   52.501243] iscsi: registered transport (tcp)

[   52.728014] systemd[1]: Starting Nameserver information manager...
         Starting Nameserver information manager...
[   52.797633] systemd[1]: Listening on Journal Audit Socket.
[[0;32m  OK  [0m] Listening on Journal Audit Socke[   52.817120] iscsi: registered transport (iser)
t.
[   52.872089] systemd[1]: Starting Journal Service...
         Starting Journal Service...
[   52.940019] systemd[1]: Reached target Swap.
[[0;32m  OK  [0m] Reached target Swap.
[   53.062754] systemd[1]: Mounted POSIX Message Queue File System.
[[0;32m  OK  [0m] Mounted POSIX Message Queue File System.
[   53.122] std[]: Moute Hug Pesil Sysem

[[0;32m  OK  [0m] Mounted Huge Pages File System.
[ 53173]sytemd[1]: Mounted Debug File System.
[[0;32m  OK  [0m] Mounted Debug File System.
[   54.208248] systemd[1]: Started Journal Seric
[[0;32m  OK  [0m] Started Journal Service.
[[0;32m  OK  [0m] Started Set console keymap.
[[0;32m  OK  [0m] Started Create list of required sta...ce nodes for the current kernel.
[[0;32m  OK  [0m] Started Uncomplicated firewall.
[[0;32m  OK  [0m] Started Remount Root and Kernel File Systems.
[[0;32m  OK  [0m] Started Load Kernel Modules.
[[0;32m  OK  [0m] Started Nameserver information manager.
[[0;32m  OK  [0m] Started LVM2 metadata daemon.
         Mounting FUSE Control File System...
         Starting Apply Kernel Variables...
         Starting Load/Save Random Seed...
         Starting Initial cloud-init job (pre-networking)...
         Starting udev Coldplug all Devices...
         Starting Create Static Device Nodes in /dev...
         Starting Flush Journal to Persistent Storage...
[[0;32m  OK  [0m] Mounted FUSE Control File System.
[[0;32m  OK  [0m] Started Monitoring of LVM2 mirrors,...ng dmeventd or progress polling.
[[0;32m  OK  [0m] Started Apply Kernel Variables.
[[0;32m  OK  [0m] Started Load/Save Random Seed.
[[0;32m  OK  [0m] Started Create Static Device Nodes in /dev.
[[0;32m  OK  [0m] Started udev Coldplug all Devices.
[[0;32m  OK  [0m] Started Flush Journal to Persistent Storage.
         Starting udev Kernel Device Manager...
[[0;32m  OK  [0m] Started udev Kernel Device Manager.
[[0;32m  OK  [0m] Started Dispatch Password Requests to Console Directory Watch.
[[0;32m  OK  [0m] Reached target Local File Systems (Pre).
[[0;32m  OK  [0m] Reached target Local File Systems.
         Starting Create Volatile Files and Directories...
         Starting Tell Plymouth To Write Out Runtime Data...
         Starting Commit a transient machine-id on disk...
         Starting Set console font and keymap...
         Starting LSB: AppArmor initialization...
[[0;32m  OK  [0m] Started Create Volatile Files and Directories.
[[0;32m  OK  [0m] Started Tell Plymouth To Write Out Runtime Data.
[[0;32m  OK  [0m] Started Commit a transient machine-id on disk.
[[0;32m  OK  [0m] Found device /dev/ttyS0.
         Starting Update UTMP about System Boot/Shutdown...
[[0;32m  OK  [0m] Started Update UTMP about System Boot/Shutdown.
[[0;32m  OK  [0m] Listening on Load/Save RF Kill Switch Status /dev/rfkill Watch.
[   41.297778] cloud-init[453]: Cloud-init v. 18.2 running 'init-local' at Thu, 19 Apr 2018 00:22:10 +0000. Up 40.37 seconds.
[[0;32m  OK  [0m] Started Initial cloud-init job (pre-networking).
[[0;32m  OK  [0m] Started Set console font and keymap.
[[0;32m  OK  [0m] Started LSB: AppArmor initialization.
[[0;32m  OK  [0m] Created slice system-getty.slice.
[[0;32m  OK  [0m] Reached target Network (Pre).
         Starting Raise network interfaces...
[[0;32m  OK  [0m] Started Raise network interfaces.
[[0;32m  OK  [0m] Reached target Network.
         Starting Initial cloud-init job (metadata service crawler)...
[   44.950484] cloud-init[934]: Cloud-init v. 18.2 running 'init' at Thu, 19 Apr 2018 00:22:13 +0000. Up 43.82 seconds.
[[0;32m  OK  [0m] Started Initial cloud-init job (metadata service crawler).
[   45.081874] [cloud-init[0;32m  OK  [0m[934]: ] ci-info: +++++++++++++++++++++++++++++++++++++Net device info++++++++++++++++++++++++++++++++++++++Reached target System Initialization.

[   45.296752] [cloud-init[0;32m  OK  [0m[934]: ] ci-info: +--------+------+----------------------------+---------------+-------+-------------------+Started Daily apt download activities.

[   45.298051] cloud-init[934]: ci-info: | Device |  Up  |          Address           |      Mask     | Scope |     Hw-Address    |
[   45.483179] [[0;32m  OK  [0m] Started ACPI Events Check.cloud-init
[934]: ci-info: +--------+------+----------------------------+---------------+-------+-------------------+
[   45.652553] [cloud-init[0;32m  OK  [0m[934]: ] ci-info: | enp0s3 | True |         10.0.2.15          | 255.255.255.0 |   .   | 02:62:8c:65:d6:7a |Reached target Paths.

[   45.787285] [[0;32m  OK  [0m] Started Daily Cleanup of Temporary Directories.
cloud-init[934]: ci-info: | enp0s3 | True | fe80::62:8cff:fe65:d67a/64 |       .       |  link | 02:62:8c:65:d6:7a |
[   45.904237] [cloud-init[0;32m  OK  [0m[934]: ] ci-info: |   lo   | True |         127.0.0.1          |   255.0.0.0   |   .   |         .         |Listening on UUID daemon activation socket.

[   46.048738] [cloud-init[0;32m  OK  [0m[934]: ] ci-info: |   lo   | True |          ::1/128           |       .       |  host |         .         |Listening on D-Bus System Message Bus Socket.

[   46.049995] [cloud-init[0;32m  OK  [0m[934]: ] ci-info: +--------+------+----------------------------+---------------+-------+-------------------+Listening on ACPID Listen Socket.

[   46.292518] [cloud-init[0;32m  OK  [0m[934]: ] ci-info: +++++++++++++++++++++++++++Route IPv4 info++++++++++++++++++++++++++++Started Timer to automatically refresh installed snaps.

[   46.420582]          cloud-initStarting Socket activation for snappy daemon.[934]: 
ci-info: +-------+-------------+----------+---------------+-----------+-------+
[   46.532667] [cloud-init[0;32m  OK  [0m[934]: ] ci-info: | Route | Destination | Gateway  |    Genmask    | Interface | Flags |Started Daily apt upgrade and clean activities.

[   46.533737] [cloud-init[0;32m  OK  [0m[934]: ] ci-info: +-------+-------------+----------+---------------+-----------+-------+Reached target Timers.

[   46.684405]          cloud-initStarting LXD - unix socket.[934]: 
ci-info: |   0   |   0.0.0.0   | 10.0.2.2 |    0.0.0.0    |   enp0s3  |   UG  |
[   46.782161] [cloud-init[0;32m  OK  [0m[934]: ] ci-info: |   1   |   10.0.2.0  | 0.0.0.0  | 255.255.255.0 |   enp0s3  |   U   |Reached target Cloud-config availability.

[[0;32m  OK  [0m] Reached target Network is Online.
[   46.783686] cloud-init[934]: ci-info: +-------+-------------+----------+---------------+-----------+-------+
[   46.896544]          cloud-initStarting iSCSI initiator daemon (iscsid)...[934]: 
Generating public/private rsa key pair.
[   46.996681] [cloud-init[0;32m  OK  [0m[934]: ] Your identification has been saved in /etc/ssh/ssh_host_rsa_key.Listening on Socket activation for snappy daemon.

[   46.997735] [cloud-init[0;32m  OK  [0m[934]: ] Your public key has been saved in /etc/ssh/ssh_host_rsa_key.pub.Listening on LXD - unix socket.

[   47.096186] cloud-init[934]: The key fingerprint is:
[   47.097356] cloud-init[934]: SHA256:edYMX2+jl8MMtorEasPQYnh5HfC5buu4Ons43xkzY7E root@ubuntu-xenial
[   47.097538] cloud-init[934]: The key's randomart image is:
[   47.097708] cloud-init[934]: +---[RSA 2048]----+
[   47.097889] cloud-init[934]: |                 |
[[0;32m  OK  [0m] Reached target Sockets.
[   47.098056] cloud-init[934]: |       .         |
[   47.288798] [cloud-init[0;32m  OK  [0m[934]: ] |        o o   .  |Reached target Basic System.

[   47.289950] cloud-init[934]: |         = = . . |
[   47.388448]          cloud-initStarting Accounts Service...[934]: 
|    . o S.= +o .o|
[   47.389312] cloud-init[934]: |   . * o.=o . *.o|
[   47.484651]          cloud-initStarting LSB: Record successful boot for GRUB...[934]: 
|    o * .E   o * |
[   47.545202] [cloud-init[0;32m  OK  [0m[934]: ] |     + =*oB . . .|Started ACPI event daemon.

[   47.546114] cloud-init[934]: |     oO==*..     |
         Starting LXD - container startup/shutdown...
[   47.632194] cloud-init[934]: +----[SHA256]-----+
[   47.667942] cloud-init[934]: Generating public/private dsa key pair.
[   47.692657] [cloud-init[0;32m  OK  [0m[934]: ] Your identification has been saved in /etc/ssh/ssh_host_dsa_key.Started FUSE filesystem for LXC.

[   47.693631] cloud-init[934]: Your public key has been saved in /etc/ssh/ssh_host_dsa_key.pub.
[   47.821560]          cloud-initStarting Pollinate to seed the pseudo random number generator...[934]: 
The key fingerprint is:
[   47.884721]          cloud-initStarting Login Service...[934]: 
SHA256:ok/R3hHs0sdDvxc8bE6fbFn+gXKCE6rJXw168OKCkGQ root@ubuntu-xenial
         Starting System Logging Service...
[   47.948705] cloud-init[934]: The key's randomart image is:
[   47.992375]          cloud-initStarting /etc/rc.local Compatibility...[934]: 
+---[DSA 1024]----+
[   48.044477] [cloud-init[0;32m  OK  [0m[934]: ] |                 |Started D-Bus System Message Bus.

[   48.045338] cloud-init[934]: |         .       |
[   48.100725] cloud-init[934]: |          o .    |
[   48.132609]          cloud-initStarting Virtualbox guest utils...[934]: 
| E     . o + .o  |
[   48.176616] [cloud-init[0;32m  OK  [0m[934]: ] |o .   o.So+ + .B.|Started Regular background program processing daemon.

[   48.178846] cloud-init[934]: | o   . +=o=o .*oB|
[   48.272584]          cloud-initStarting Snappy daemon...[934]: 
|  . o .+.*.+ o.B+|
[   48.340450] [cloud-init[0;32m  OK  [0m[934]: ] |   ..++ + . + ..o|Started Unattended Upgrades Shutdown.

[   48.341119] cloud-init[934]: |     ++o        .|
[   48.401909] cloud-init[934]: +----[SHA256]-----+
[   48.412459]          cloud-initStarting LSB: MD monitoring daemon...[934]: 
Generating public/private ecdsa key pair.
[   48.440443] [cloud-init[0;32m  OK  [0m[934]: ] Your identification has been saved in /etc/ssh/ssh_host_ecdsa_key.Started Deferred execution scheduler.

[   48.441462] cloud-init[934]: Your public key has been saved in /etc/ssh/ssh_host_ecdsa_key.pub.
[   48.720773]          cloud-initStarting Apply the settings specified in cloud-config...[934]: 
The key fingerprint is:
[   48.818293] [cloud-init[0;32m  OK  [0m[934]: ] SHA256:O9WaZspoOz16/HhoZTjg8yCOyqNxi3/J/3HbyLbU+qs root@ubuntu-xenialStarted System Logging Service.

[[0;32m  OK  [0m] Started Snappy daemon.
[   48.819136] cloud-init[934]: The key's randomart image is:
[[0;32m  OK  [0m] Started iSCSI initiator daemon (iscsid).
[[0;32m  OK  [0m] Started LXD - container startup/shutdown.
[[0;32m  OK  [0m] Started Pollinate to seed the pseudo random number generator.
[   48.947166] cloud-init[934]: +---[ECDSA 256]---+
[   49.069408] cloud-init[934]: |                 |
[   49.096465] cloud-init[934]: |                 |
[[0;32m  OK  [0m] Started /etc/rc.local Compatibility.
[   49.115704] cloud-init[934]: |                 |
[   49.172810] cloud-init[934]: |      .    .     |
[   49.193971] cloud-init[934]: |     . .S.. .    |
[   49.212400] cloud-init[934]: |    . + ooo+     |
[   49.240459] [cloud-init[0;32m  OK  [0m[934]: ] |. .+ o *+=B .    |Started LSB: Record successful boot for GRUB.

[   49.241142] cloud-init[934]: |.=..= ooO@o=     |
[   49.324898] cloud-init[934]: |=++. o=B==E++.   |
[   49.380546] cloud-init[934]: +----[SHA256]-----+
[   49.381217] cloud-init[934]: Generating public/private ed25519 key pair.
[[0;32m  OK  [0m] Started Login Service.
[[0;32m  OK  [0m] Started Virtualbox guest utils.
[   49.381518] cloud-init[934]: Your identification has been saved in /etc/ssh/ssh_host_ed25519_key.
[   49.528762] [cloud-init[0;32m  OK  [0m[934]: ] Your public key has been saved in /etc/ssh/ssh_host_ed25519_key.pub.Started LSB: MD monitoring daemon.

[   49.529471] cloud-init[934]: The key fingerprint is:
[   49.580693]          cloud-initStarting Authenticate and Authorize Users to Run Privileged Tasks...[934]: 
SHA256:H5xDaUmYf+JhZjs9t4EjyrseByXxtbRceMY+d+UFNCk root@ubuntu-xenial
[   49.597550]          Starting OpenBSD Secure Shell server...
cloud-init[934]: The key's randomart image is:
         Starting Login to default iSCSI targets...
[   49.613600] cloud-init[934]: +--[ED25519 256]--+
[   49.645028] [[0;32m  OK  [0m] Started OpenBSD Secure Shell server.
cloud-init[934]: |        .o. o+=o |
[   49.657414] cloud-init[934]: |        o+ *E+=.o|
[   49.661132] cloud-init[934]: |        ..B += .o|
[   49.665789] cloud-init[934]: |         *B.. o +|
[   49.681699] cloud-init[934]: |        S==* . o.|
[   49.685910] cloud-init[934]: |         o=o= o  |
[   49.696254] cloud-init[934]: |       ...oo + o |
[   49.709941] [[0;32m  OK  [0m] Started Authenticate and Authorize Users to Run Privileged Tasks.
cloud-init[934]: |        oo    .  |
[   49.742026] cloud-init[934]: |       .+o       |
[   49.746250] cloud-init[934]: +----[SHA256]-----+
[[0;32m  OK  [0m] Started Login to default iSCSI targets.
[[0;32m  OK  [0m] Started Accounts Service.
[[0;32m  OK  [0m[   49.808223] cloud-init[1133]: Generating locales (this might take a while)...
] Reached target Remote File Systems (Pre).
[[0;32m  OK  [0m] Reached target Remote File Systems.
         Starting LSB: Set the CPU Frequency Scaling governor to "ondemand"...
         Starting LSB: daemon to balance interrupts for SMP systems...
         Starting Permit User Sessions...
         Starting LSB: automatic crash report generation...
[[0;32m  OK  [0m] Started Permit User Sessions.
[[0;32m  OK  [0m] Started LSB: Set the CPU Frequency Scaling governor to "ondemand".
         Starting Terminate Plymouth Boot Screen...
         Starting Hold until boot process finishes up...
[[0;32m  OK  [0m] Started LSB: daemon to balance interrupts for SMP systems.
[[0;32m  OK  [0m] Started LSB: automatic crash report generation.
[[0;32m  OK  [0m] Started Terminate Plymouth Boot Screen.
[[0;32m  OK  [0m] Started Hold until boot process finishes up.
[[0;32m  OK  [0m] Created slice User Slice of vagrant.
[[0;32m  OK  [0m] Started Session 1 of user vagrant.
         Starting User Manager for UID 1000...
[[0;32m  OK  [0m] Started Getty on tty1.
         Starting Set console scheme...
[[0;32m  OK  [0m] Started Serial Getty on ttyS0.
[[0;32m  OK  [0m] Reached target Login Prompts.
[   51.076242] cloud-init[1133]:   en_US.UTF-8... done
[[0;32m  OK  [0m] Reached target Multi-User System.
[   51.089289] cloud-init[1133]: Generation complete.
[[0;32m  OK  [0m] Reached target Graphical Interface.
         Starting Update UTMP about System Runlevel Changes...
[[0;32m  OK  [0m] Started User Manager for UID 1000.
[[0;32m  OK  [0m] Started Set console scheme.
[[0;32m  OK  [0m] Started Update UTMP about System Runlevel Changes.
[   51.666325] cloud-init[1133]: Cloud-init v. 18.2 running 'modules:config' at Thu, 19 Apr 2018 00:22:19 +0000. Up 49.09 seconds.
[[0;32m  OK  [0m] Started Apply the settings specified in cloud-config.
         Starting Execute cloud user/final scripts...
ci-info: no authorized ssh keys fingerprints found for user ubuntu.
<14>Apr 19 00:22:22 ec2: 
<14>Apr 19 00:22:22 ec2: #############################################################
<14>Apr 19 00:22:22 ec2: -----BEGIN SSH HOST KEY FINGERPRINTS-----
<14>Apr 19 00:22:22 ec2: 1024 SHA256:ok/R3hHs0sdDvxc8bE6fbFn+gXKCE6rJXw168OKCkGQ root@ubuntu-xenial (DSA)
<14>Apr 19 00:22:22 ec2: 256 SHA256:O9WaZspoOz16/HhoZTjg8yCOyqNxi3/J/3HbyLbU+qs root@ubuntu-xenial (ECDSA)
<14>Apr 19 00:22:22 ec2: 256 SHA256:H5xDaUmYf+JhZjs9t4EjyrseByXxtbRceMY+d+UFNCk root@ubuntu-xenial (ED25519)
<14>Apr 19 00:22:22 ec2: 2048 SHA256:edYMX2+jl8MMtorEasPQYnh5HfC5buu4Ons43xkzY7E root@ubuntu-xenial (RSA)
<14>Apr 19 00:22:22 ec2: -----END SSH HOST KEY FINGERPRINTS-----
<14>Apr 19 00:22:22 ec2: #############################################################
-----BEGIN SSH HOST KEY KEYS-----
ecdsa-sha2-nistp256 AAAAE2VjZHNhLXNoYTItbmlzdHAyNTYAAAAIbmlzdHAyNTYAAABBBDXOTYkCawRgelUlE0hH3GaSoChsLZx8rZ6tOvSHLba+Fe4Ba+JEERGkqwybZqUFtKTTIjdtFCJocO5wZUAGLAM= root@ubuntu-xenial
ssh-ed25519 AAAAC3NzaC1lZDI1NTE5AAAAIBaMe56uWt1llW2DAIVI9FOEjn1c0OCdhGdvepq0k7qP root@ubuntu-xenial
ssh-rsa AAAAB3NzaC1yc2EAAAADAQABAAABAQCvi1uVftQ6L37MpKeOabjtLAtDTrYynwp6LuuXDC8XmddmWzeiWDvuZ0cS/QnLqwTfci5eS+QWsmCTnJEufxxrQQWZICcHXBsHNtu7JMapoQayRPmmkSlCy/1bVT9Q5RntWTdMAyg6Q4ODw2kXoMTUejrlMILaQZWoXxJlmrZvCyObiWGUdTzX23PLOHIXqKgWsAZIUWCfC888UuB9QJJk4obiUuZe5IhsM80Za1bqp7rce559C4tLvQ7euhqL1K/CFXYyAcWNVSZX3Rn+99x5/gnB0qamF0rLQc01d6dJBHdrHDVoFsFOVS5+guYcNq2OFhA8zJNBXjIKr1Y28nWn root@ubuntu-xenial
-----END SSH HOST KEY KEYS-----
[   53.378239] cloud-init[1355]: Cloud-init v. 18.2 running 'modules:final' at Thu, 19 Apr 2018 00:22:22 +0000. Up 52.39 seconds.
[   53.440644] cloud-init[1355]: ci-info: no authorized ssh keys fingerprints found for user ubuntu.
[   53.472560] cloud-init[1355]: Cloud-init v. 18.2 finished at Thu, 19 Apr 2018 00:22:23 +0000. Datasource DataSourceNoCloud [seed=/dev/sdb][dsmode=net].  Up 53.35 seconds
[[0;32m  OK  [0m] Started Execute cloud user/final scripts.
[[0;32m  OK  [0m] Reached target Cloud-init target.

Ubuntu 16.04.4 LTS ubuntu-xenial ttyS0

ubuntu-xenial login: 